Added Component: Designator=P9(PCBComponent_1)
Add component. Clean all parameters for all variants
Add component (AddParameter): Name = "LatestRevisionDate"; Value = "17-Jul-2002"; VariantName = "[No Variations]"
Add component (AddParameter): Name = "LatestRevisionNote"; Value = "Re-released for DXP Platform."; VariantName = "[No Variations]"
Add component (AddParameter): Name = "Publisher"; Value = "Altium Limited"; VariantName = "[No Variations]"
Added Component: Designator=P10(PCBComponent_1)
Add component. Clean all parameters for all variants
Add component (AddParameter): Name = "LatestRevisionDate"; Value = "17-Jul-2002"; VariantName = "[No Variations]"
Add component (AddParameter): Name = "LatestRevisionNote"; Value = "Re-released for DXP Platform."; VariantName = "[No Variations]"
Add component (AddParameter): Name = "Publisher"; Value = "Altium Limited"; VariantName = "[No Variations]"
Added Component: Designator=P11(PCBComponent_1)
Add component. Clean all parameters for all variants
Add component (AddParameter): Name = "LatestRevisionDate"; Value = "17-Jul-2002"; VariantName = "[No Variations]"
Add component (AddParameter): Name = "LatestRevisionNote"; Value = "Re-released for DXP Platform."; VariantName = "[No Variations]"
Add component (AddParameter): Name = "Publisher"; Value = "Altium Limited"; VariantName = "[No Variations]"
Added Component: Designator=P12(PCBComponent_1)
Add component. Clean all parameters for all variants
Add component (AddParameter): Name = "LatestRevisionDate"; Value = "17-Jul-2002"; VariantName = "[No Variations]"
Add component (AddParameter): Name = "LatestRevisionNote"; Value = "Re-released for DXP Platform."; VariantName = "[No Variations]"
Add component (AddParameter): Name = "Publisher"; Value = "Altium Limited"; VariantName = "[No Variations]"
Added Pin To Net: NetName=DC-DC_12V_H Pin=P9-1
Added Pin To Net: NetName=GND_H Pin=P9-2
Added Pin To Net: NetName=DC-DC_12V_L Pin=P10-1
Added Pin To Net: NetName=GND_L Pin=P10-2
Added Pin To Net: NetName=+18V_H Pin=P11-1
Added Pin To Net: NetName=H_EMITTER Pin=P11-2
Added Pin To Net: NetName=-7V_H Pin=P11-3
Added Pin To Net: NetName=+18V_L Pin=P12-1
Added Pin To Net: NetName=L_EMITTER Pin=P12-2
Added Pin To Net: NetName=-7V_L Pin=P12-3
Added Member To Class: ClassName=Gate_Drive Member=Component P9 HW-02-07-G-S-200-100
Added Member To Class: ClassName=Gate_Drive Member=Component P10 HW-02-07-G-S-200-100
Added Member To Class: ClassName=Gate_Drive Member=Component P11 HW-03-07-G-S-200-105
Added Member To Class: ClassName=Gate_Drive Member=Component P12 HW-03-07-G-S-200-105
Added Room: Name=Gate_Drive
