Change component parameters: Designator = "P9"; Footprint = "PCBComponent_1"; UniqueID = "\FZHJITJX"
Change component parameters. Clean all parameters for all variants
Change component parameters (AddParameter): Name = "LatestRevisionDate"; Value = "17-Jul-2002"; VariantName = "[No Variations]"
Change component parameters (AddParameter): Name = "LatestRevisionNote"; Value = "Re-released for DXP Platform."; VariantName = "[No Variations]"
Change component parameters (AddParameter): Name = "Publisher"; Value = "Altium Limited"; VariantName = "[No Variations]"
Change component parameters (AddParameter): Name = "System"; Value = "Connector"; VariantName = "[No Variations]"
Change component parameters: Designator = "P10"; Footprint = "PCBComponent_1"; UniqueID = "\PZEKTCOY"
Change component parameters. Clean all parameters for all variants
Change component parameters (AddParameter): Name = "LatestRevisionDate"; Value = "17-Jul-2002"; VariantName = "[No Variations]"
Change component parameters (AddParameter): Name = "LatestRevisionNote"; Value = "Re-released for DXP Platform."; VariantName = "[No Variations]"
Change component parameters (AddParameter): Name = "Publisher"; Value = "Altium Limited"; VariantName = "[No Variations]"
Change component parameters (AddParameter): Name = "System"; Value = "Connector"; VariantName = "[No Variations]"
Change component parameters: Designator = "P12"; Footprint = "PCBComponent_1"; UniqueID = "\VWZZUUPO"
Change component parameters. Clean all parameters for all variants
Change component parameters (AddParameter): Name = "LatestRevisionDate"; Value = "17-Jul-2002"; VariantName = "[No Variations]"
Change component parameters (AddParameter): Name = "LatestRevisionNote"; Value = "Re-released for DXP Platform."; VariantName = "[No Variations]"
Change component parameters (AddParameter): Name = "Publisher"; Value = "Altium Limited"; VariantName = "[No Variations]"
Change component parameters (AddParameter): Name = "System"; Value = "Connector"; VariantName = "[No Variations]"
Change component parameters: Designator = "P11"; Footprint = "PCBComponent_1"; UniqueID = "\EZRAKTMH"
Change component parameters. Clean all parameters for all variants
Change component parameters (AddParameter): Name = "LatestRevisionDate"; Value = "17-Jul-2002"; VariantName = "[No Variations]"
Change component parameters (AddParameter): Name = "LatestRevisionNote"; Value = "Re-released for DXP Platform."; VariantName = "[No Variations]"
Change component parameters (AddParameter): Name = "Parameter 1"; Value = ""; VariantName = "[No Variations]"
Change component parameters (AddParameter): Name = "Publisher"; Value = "Altium Limited"; VariantName = "[No Variations]"
Change component parameters (AddParameter): Name = "System"; Value = "Connector"; VariantName = "[No Variations]"
Added Component: Designator=J3(BCS-108-L-D-HE)
Add component. Clean all parameters for all variants
Add component (AddParameter): Name = "Arrow Part Number"; Value = ""; VariantName = "[No Variations]"
Add component (AddParameter): Name = "Arrow Price/Stock"; Value = ""; VariantName = "[No Variations]"
Add component (AddParameter): Name = "Datasheet Link"; Value = "http://suddendocs.samtec.com/prints/bcs-1xx-xxx-x-xx-xxx-mkt.pdf"; VariantName = "[No Variations]"
Add component (AddParameter): Name = "Manufacturer_Name"; Value = "SAMTEC"; VariantName = "[No Variations]"
Add component (AddParameter): Name = "Manufacturer_Part_Number"; Value = "BCS-108-L-D-HE"; VariantName = "[No Variations]"
Add component (AddParameter): Name = "Mouser Part Number"; Value = ""; VariantName = "[No Variations]"
Add component (AddParameter): Name = "Mouser Price/Stock"; Value = ""; VariantName = "[No Variations]"
Add component (AddParameter): Name = "System"; Value = "Connector"; VariantName = "[No Variations]"
Added Pin To Net: NetName=DC-DC_12V_H Pin=J3-1
Added Pin To Net: NetName=L_APWM Pin=J3-2
Added Pin To Net: NetName=GND_H Pin=J3-3
Added Pin To Net: NetName=L_RST Pin=J3-4
Added Pin To Net: NetName=H_VCC Pin=J3-5
Added Pin To Net: NetName=L_FLT Pin=J3-6
Added Pin To Net: NetName=H_IN+ Pin=J3-7
Added Pin To Net: NetName=L_RDY Pin=J3-8
Added Pin To Net: NetName=H_RDY Pin=J3-9
Added Pin To Net: NetName=L_IN+ Pin=J3-10
Added Pin To Net: NetName=H_FLT Pin=J3-11
Added Pin To Net: NetName=L_VCC Pin=J3-12
Added Pin To Net: NetName=H_RST Pin=J3-13
Added Pin To Net: NetName=GND_L Pin=J3-14
Added Pin To Net: NetName=H_APWM Pin=J3-15
Added Pin To Net: NetName=DC-DC_12V_L Pin=J3-16
Added Member To Class: ClassName=Gate_Drive Member=Component J3 BCS-108-L-D-HE
Added Room: Name=Gate_Drive
