Removed Pin From Net: NetName=+18V_H Pin=J1-1
Removed Pin From Net: NetName=H_EMITTER Pin=J1-2
Removed Pin From Net: NetName=-7V_H Pin=J1-3
Removed Pin From Net: NetName=+18V_L Pin=J4-1
Removed Pin From Net: NetName=L_EMITTER Pin=J4-2
Removed Pin From Net: NetName=-7V_L Pin=J4-3
Removed Member From Class: ClassName=Gate_Drive Member=J1
Removed Member From Class: ClassName=Gate_Drive Member=J4
Added Component: Designator=P11(PCBComponent_1)
Add component. Clean all parameters for all variants
Add component (AddParameter): Name = "LatestRevisionDate"; Value = "17-Jul-2002"; VariantName = "[No Variations]"
Add component (AddParameter): Name = "LatestRevisionNote"; Value = "Re-released for DXP Platform."; VariantName = "[No Variations]"
Add component (AddParameter): Name = "Publisher"; Value = "Altium Limited"; VariantName = "[No Variations]"
Added Component: Designator=P12(PCBComponent_1)
Add component. Clean all parameters for all variants
Add component (AddParameter): Name = "LatestRevisionDate"; Value = "17-Jul-2002"; VariantName = "[No Variations]"
Add component (AddParameter): Name = "LatestRevisionNote"; Value = "Re-released for DXP Platform."; VariantName = "[No Variations]"
Add component (AddParameter): Name = "Publisher"; Value = "Altium Limited"; VariantName = "[No Variations]"
Added Pin To Net: NetName=+18V_H Pin=P11-1
Added Pin To Net: NetName=H_EMITTER Pin=P11-2
Added Pin To Net: NetName=-7V_H Pin=P11-3
Added Pin To Net: NetName=+18V_L Pin=P12-1
Added Pin To Net: NetName=L_EMITTER Pin=P12-2
Added Pin To Net: NetName=-7V_L Pin=P12-3
Added Member To Class: ClassName=Gate_Drive Member=Component P11 Header 3
Added Member To Class: ClassName=Gate_Drive Member=Component P12 Header 3
Added Room: Name=Gate_Drive
